WARNING ⚠️ no model scale passed. Assuming scale='n'.
Transferred 499/499 items from pretrained weights
Ultralytics 8.3.27 🚀 Python-3.9.20 torch-2.1.0+cu121 CUDA:6 (NVIDIA L20, 45458MiB)
[34m[1mengine/trainer: [0mtask=detect, mode=train, model=ultralytics/ultralytics/cfg/models/11/yolo11-rgbd.yaml, data=data_rgbd_pseudo.yaml, epochs=50, time=None, patience=5, batch=16, imgsz=640, save=True, save_period=-1, cache=False, device=6, workers=8, project=runs/exp, name=run3_rgbd_50, exist_ok=False, pretrained=yolo11n.pt, optimizer=auto, verbose=True, seed=42, deterministic=True, single_cls=False, rect=False, cos_lr=False, close_mosaic=10, resume=False, amp=True, fraction=0.5, profile=False, freeze=None, multi_scale=False, overlap_mask=True, mask_ratio=4, dropout=0.0, val=True, split=val, save_json=False, save_hybrid=False, conf=None, iou=0.7, max_det=300, half=False, dnn=False, plots=True, source=None, vid_stride=1, stream_buffer=False, visualize=False, augment=False, agnostic_nms=False, classes=None, retina_masks=False, embed=None, show=False, save_frames=False, save_txt=False, save_conf=False, save_crop=False, show_labels=True, show_conf=True, show_boxes=True, line_width=None, format=torchscript, keras=False, optimize=False, int8=False, dynamic=False, simplify=True, opset=None, workspace=4, nms=False, lr0=0.01, lrf=0.01, momentum=0.937, weight_decay=0.0005, warmup_epochs=3.0, warmup_momentum=0.8, warmup_bias_lr=0.1, box=7.5, cls=0.5, dfl=1.5, pose=12.0, kobj=1.0, label_smoothing=0.0, nbs=64, hsv_h=0.015, hsv_s=0.7, hsv_v=0.4, degrees=0.0, translate=0.1, scale=0.5, shear=0.0, perspective=0.0, flipud=0.0, fliplr=0.5, bgr=0.0, mosaic=1.0, mixup=0.0, copy_paste=0.0, copy_paste_mode=flip, auto_augment=randaugment, erasing=0.4, crop_fraction=1.0, cfg=None, tracker=botsort.yaml, save_dir=runs/exp/run3_rgbd_50
Overriding model.yaml nc=80 with nc=1
WARNING ⚠️ no model scale passed. Assuming scale='n'.

                   from  n    params  module                                       arguments                     
  0                  -1  1       464  ultralytics.nn.modules.conv.Conv             [3, 16, 3, 2]                 
  1                  -1  1      4672  ultralytics.nn.modules.conv.Conv             [16, 32, 3, 2]                
  2                  -1  1      6640  ultralytics.nn.modules.block.C3k2            [32, 64, 1, False, 0.25]      
  3                  -1  1     36992  ultralytics.nn.modules.conv.Conv             [64, 64, 3, 2]                
  4                  -1  1     26080  ultralytics.nn.modules.block.C3k2            [64, 128, 1, False, 0.25]     
  5                  -1  1    147712  ultralytics.nn.modules.conv.Conv             [128, 128, 3, 2]              
  6                  -1  1     87040  ultralytics.nn.modules.block.C3k2            [128, 128, 1, True]           
  7                  -1  1    295424  ultralytics.nn.modules.conv.Conv             [128, 256, 3, 2]              
  8                  -1  1    346112  ultralytics.nn.modules.block.C3k2            [256, 256, 1, True]           
  9                  -1  1    164608  ultralytics.nn.modules.block.SPPF            [256, 256, 5]                 
 10                  -1  1    249728  ultralytics.nn.modules.block.C2PSA           [256, 256, 1]                 
 11                  -1  1         0  torch.nn.modules.upsampling.Upsample         [None, 2, 'nearest']          
 12             [-1, 6]  1         0  ultralytics.nn.modules.conv.Concat           [1]                           
 13                  -1  1    111296  ultralytics.nn.modules.block.C3k2            [384, 128, 1, False]          
 14                  -1  1         0  torch.nn.modules.upsampling.Upsample         [None, 2, 'nearest']          
 15             [-1, 4]  1         0  ultralytics.nn.modules.conv.Concat           [1]                           
 16                  -1  1     32096  ultralytics.nn.modules.block.C3k2            [256, 64, 1, False]           
 17                  -1  1     36992  ultralytics.nn.modules.conv.Conv             [64, 64, 3, 2]                
 18            [-1, 13]  1         0  ultralytics.nn.modules.conv.Concat           [1]                           
 19                  -1  1     86720  ultralytics.nn.modules.block.C3k2            [192, 128, 1, False]          
 20                  -1  1    147712  ultralytics.nn.modules.conv.Conv             [128, 128, 3, 2]              
 21            [-1, 10]  1         0  ultralytics.nn.modules.conv.Concat           [1]                           
 22                  -1  1    378880  ultralytics.nn.modules.block.C3k2            [384, 256, 1, True]           
 23        [16, 19, 22]  1    430867  ultralytics.nn.modules.head.Detect           [1, [64, 128, 256]]           
YOLO11-rgbd summary: 319 layers, 2,590,035 parameters, 2,590,019 gradients, 6.4 GFLOPs

Transferred 448/499 items from pretrained weights
Freezing layer 'model.23.dfl.conv.weight'
[34m[1mAMP: [0mrunning Automatic Mixed Precision (AMP) checks...
[34m[1mAMP: [0mchecks passed ✅
[34m[1mtrain: [0mWARNING ⚠️ /hit_zri/train_new_sileiyu/datasets/YOLO_RGB_carton/images/train2017/82.jpg: ignoring corrupt image/label: broken data stream when reading image file
[34m[1mtrain: [0mNew cache created: /hit_zri/train_new_sileiyu/datasets/YOLO_RGB_carton/labels/train2017.cache
[34m[1mval: [0mWARNING ⚠️ /hit_zri/train_new_sileiyu/datasets/YOLO_RGB_carton/images/val2017/1 (112).jpg: corrupt JPEG restored and saved
[34m[1mval: [0mWARNING ⚠️ /hit_zri/train_new_sileiyu/datasets/YOLO_RGB_carton/images/val2017/1 (113).jpg: corrupt JPEG restored and saved
[34m[1mval: [0mWARNING ⚠️ /hit_zri/train_new_sileiyu/datasets/YOLO_RGB_carton/images/val2017/1 (135).jpg: corrupt JPEG restored and saved
[34m[1mval: [0mWARNING ⚠️ /hit_zri/train_new_sileiyu/datasets/YOLO_RGB_carton/images/val2017/1 (136).jpg: corrupt JPEG restored and saved
[34m[1mval: [0mWARNING ⚠️ /hit_zri/train_new_sileiyu/datasets/YOLO_RGB_carton/images/val2017/1 (140).jpg: corrupt JPEG restored and saved
[34m[1mval: [0mWARNING ⚠️ /hit_zri/train_new_sileiyu/datasets/YOLO_RGB_carton/images/val2017/1 (143).jpg: corrupt JPEG restored and saved
[34m[1mval: [0mWARNING ⚠️ /hit_zri/train_new_sileiyu/datasets/YOLO_RGB_carton/images/val2017/1 (145).jpg: corrupt JPEG restored and saved
[34m[1mval: [0mWARNING ⚠️ /hit_zri/train_new_sileiyu/datasets/YOLO_RGB_carton/images/val2017/1 (147).jpg: corrupt JPEG restored and saved
[34m[1mval: [0mWARNING ⚠️ /hit_zri/train_new_sileiyu/datasets/YOLO_RGB_carton/images/val2017/1 (153).jpg: corrupt JPEG restored and saved
[34m[1mval: [0mWARNING ⚠️ /hit_zri/train_new_sileiyu/datasets/YOLO_RGB_carton/images/val2017/1 (154).jpg: corrupt JPEG restored and saved
[34m[1mval: [0mWARNING ⚠️ /hit_zri/train_new_sileiyu/datasets/YOLO_RGB_carton/images/val2017/1 (159).jpg: corrupt JPEG restored and saved
[34m[1mval: [0mWARNING ⚠️ /hit_zri/train_new_sileiyu/datasets/YOLO_RGB_carton/images/val2017/1 (170).jpg: corrupt JPEG restored and saved
[34m[1mval: [0mWARNING ⚠️ /hit_zri/train_new_sileiyu/datasets/YOLO_RGB_carton/images/val2017/1 (171).jpg: corrupt JPEG restored and saved
[34m[1mval: [0mWARNING ⚠️ /hit_zri/train_new_sileiyu/datasets/YOLO_RGB_carton/images/val2017/1 (198).jpg: corrupt JPEG restored and saved
[34m[1mval: [0mWARNING ⚠️ /hit_zri/train_new_sileiyu/datasets/YOLO_RGB_carton/images/val2017/1 (206).jpg: corrupt JPEG restored and saved
[34m[1mval: [0mWARNING ⚠️ /hit_zri/train_new_sileiyu/datasets/YOLO_RGB_carton/images/val2017/1 (207).jpg: corrupt JPEG restored and saved
[34m[1mval: [0mWARNING ⚠️ /hit_zri/train_new_sileiyu/datasets/YOLO_RGB_carton/images/val2017/1 (214).jpg: corrupt JPEG restored and saved
[34m[1mval: [0mWARNING ⚠️ /hit_zri/train_new_sileiyu/datasets/YOLO_RGB_carton/images/val2017/1 (221).jpg: corrupt JPEG restored and saved
[34m[1mval: [0mWARNING ⚠️ /hit_zri/train_new_sileiyu/datasets/YOLO_RGB_carton/images/val2017/1 (226).jpg: corrupt JPEG restored and saved
[34m[1mval: [0mWARNING ⚠️ /hit_zri/train_new_sileiyu/datasets/YOLO_RGB_carton/images/val2017/1 (230).jpg: corrupt JPEG restored and saved
[34m[1mval: [0mWARNING ⚠️ /hit_zri/train_new_sileiyu/datasets/YOLO_RGB_carton/images/val2017/1 (234).jpg: corrupt JPEG restored and saved
[34m[1mval: [0mWARNING ⚠️ /hit_zri/train_new_sileiyu/datasets/YOLO_RGB_carton/images/val2017/1 (251).jpg: corrupt JPEG restored and saved
[34m[1mval: [0mWARNING ⚠️ /hit_zri/train_new_sileiyu/datasets/YOLO_RGB_carton/images/val2017/1 (266).jpg: corrupt JPEG restored and saved
[34m[1mval: [0mWARNING ⚠️ /hit_zri/train_new_sileiyu/datasets/YOLO_RGB_carton/images/val2017/1 (273).jpg: corrupt JPEG restored and saved
[34m[1mval: [0mWARNING ⚠️ /hit_zri/train_new_sileiyu/datasets/YOLO_RGB_carton/images/val2017/1 (287).jpg: corrupt JPEG restored and saved
[34m[1mval: [0mWARNING ⚠️ /hit_zri/train_new_sileiyu/datasets/YOLO_RGB_carton/images/val2017/1 (29).jpg: corrupt JPEG restored and saved
[34m[1mval: [0mWARNING ⚠️ /hit_zri/train_new_sileiyu/datasets/YOLO_RGB_carton/images/val2017/1 (296).jpg: corrupt JPEG restored and saved
[34m[1mval: [0mWARNING ⚠️ /hit_zri/train_new_sileiyu/datasets/YOLO_RGB_carton/images/val2017/1 (309).jpg: corrupt JPEG restored and saved
[34m[1mval: [0mWARNING ⚠️ /hit_zri/train_new_sileiyu/datasets/YOLO_RGB_carton/images/val2017/1 (312).jpg: corrupt JPEG restored and saved
[34m[1mval: [0mWARNING ⚠️ /hit_zri/train_new_sileiyu/datasets/YOLO_RGB_carton/images/val2017/1 (318).jpg: corrupt JPEG restored and saved
[34m[1mval: [0mWARNING ⚠️ /hit_zri/train_new_sileiyu/datasets/YOLO_RGB_carton/images/val2017/1 (331).jpg: corrupt JPEG restored and saved
[34m[1mval: [0mWARNING ⚠️ /hit_zri/train_new_sileiyu/datasets/YOLO_RGB_carton/images/val2017/1 (34).jpg: corrupt JPEG restored and saved
[34m[1mval: [0mWARNING ⚠️ /hit_zri/train_new_sileiyu/datasets/YOLO_RGB_carton/images/val2017/1 (342).jpg: corrupt JPEG restored and saved
[34m[1mval: [0mWARNING ⚠️ /hit_zri/train_new_sileiyu/datasets/YOLO_RGB_carton/images/val2017/1 (356).jpg: corrupt JPEG restored and saved
[34m[1mval: [0mWARNING ⚠️ /hit_zri/train_new_sileiyu/datasets/YOLO_RGB_carton/images/val2017/1 (360).jpg: corrupt JPEG restored and saved
[34m[1mval: [0mWARNING ⚠️ /hit_zri/train_new_sileiyu/datasets/YOLO_RGB_carton/images/val2017/1 (367).jpg: corrupt JPEG restored and saved
[34m[1mval: [0mWARNING ⚠️ /hit_zri/train_new_sileiyu/datasets/YOLO_RGB_carton/images/val2017/1 (370).jpg: corrupt JPEG restored and saved
[34m[1mval: [0mWARNING ⚠️ /hit_zri/train_new_sileiyu/datasets/YOLO_RGB_carton/images/val2017/1 (372).jpg: corrupt JPEG restored and saved
[34m[1mval: [0mWARNING ⚠️ /hit_zri/train_new_sileiyu/datasets/YOLO_RGB_carton/images/val2017/1 (374).jpg: corrupt JPEG restored and saved
[34m[1mval: [0mWARNING ⚠️ /hit_zri/train_new_sileiyu/datasets/YOLO_RGB_carton/images/val2017/1 (379).jpg: corrupt JPEG restored and saved
[34m[1mval: [0mWARNING ⚠️ /hit_zri/train_new_sileiyu/datasets/YOLO_RGB_carton/images/val2017/1 (398).jpg: corrupt JPEG restored and saved
[34m[1mval: [0mWARNING ⚠️ /hit_zri/train_new_sileiyu/datasets/YOLO_RGB_carton/images/val2017/1 (403).jpg: corrupt JPEG restored and saved
[34m[1mval: [0mWARNING ⚠️ /hit_zri/train_new_sileiyu/datasets/YOLO_RGB_carton/images/val2017/1 (406).jpg: corrupt JPEG restored and saved
[34m[1mval: [0mWARNING ⚠️ /hit_zri/train_new_sileiyu/datasets/YOLO_RGB_carton/images/val2017/1 (5).jpg: corrupt JPEG restored and saved
[34m[1mval: [0mWARNING ⚠️ /hit_zri/train_new_sileiyu/datasets/YOLO_RGB_carton/images/val2017/1 (62).jpg: corrupt JPEG restored and saved
[34m[1mval: [0mWARNING ⚠️ /hit_zri/train_new_sileiyu/datasets/YOLO_RGB_carton/images/val2017/1 (7).jpg: corrupt JPEG restored and saved
[34m[1mval: [0mWARNING ⚠️ /hit_zri/train_new_sileiyu/datasets/YOLO_RGB_carton/images/val2017/1 (76).jpg: corrupt JPEG restored and saved
[34m[1mval: [0mWARNING ⚠️ /hit_zri/train_new_sileiyu/datasets/YOLO_RGB_carton/images/val2017/1 (79).jpg: corrupt JPEG restored and saved
[34m[1mval: [0mWARNING ⚠️ /hit_zri/train_new_sileiyu/datasets/YOLO_RGB_carton/images/val2017/1064.jpg: corrupt JPEG restored and saved
[34m[1mval: [0mWARNING ⚠️ /hit_zri/train_new_sileiyu/datasets/YOLO_RGB_carton/images/val2017/1158.jpg: corrupt JPEG restored and saved
[34m[1mval: [0mWARNING ⚠️ /hit_zri/train_new_sileiyu/datasets/YOLO_RGB_carton/images/val2017/119.jpg: corrupt JPEG restored and saved
[34m[1mval: [0mWARNING ⚠️ /hit_zri/train_new_sileiyu/datasets/YOLO_RGB_carton/images/val2017/1240.jpg: corrupt JPEG restored and saved
[34m[1mval: [0mWARNING ⚠️ /hit_zri/train_new_sileiyu/datasets/YOLO_RGB_carton/images/val2017/140.jpg: corrupt JPEG restored and saved
[34m[1mval: [0mWARNING ⚠️ /hit_zri/train_new_sileiyu/datasets/YOLO_RGB_carton/images/val2017/1520.jpg: corrupt JPEG restored and saved
[34m[1mval: [0mWARNING ⚠️ /hit_zri/train_new_sileiyu/datasets/YOLO_RGB_carton/images/val2017/1523.jpg: corrupt JPEG restored and saved
[34m[1mval: [0mWARNING ⚠️ /hit_zri/train_new_sileiyu/datasets/YOLO_RGB_carton/images/val2017/1643.jpg: corrupt JPEG restored and saved
[34m[1mval: [0mWARNING ⚠️ /hit_zri/train_new_sileiyu/datasets/YOLO_RGB_carton/images/val2017/183.jpg: corrupt JPEG restored and saved
[34m[1mval: [0mWARNING ⚠️ /hit_zri/train_new_sileiyu/datasets/YOLO_RGB_carton/images/val2017/184.jpg: corrupt JPEG restored and saved
[34m[1mval: [0mWARNING ⚠️ /hit_zri/train_new_sileiyu/datasets/YOLO_RGB_carton/images/val2017/1861.jpg: corrupt JPEG restored and saved
[34m[1mval: [0mWARNING ⚠️ /hit_zri/train_new_sileiyu/datasets/YOLO_RGB_carton/images/val2017/1884.jpg: corrupt JPEG restored and saved
[34m[1mval: [0mWARNING ⚠️ /hit_zri/train_new_sileiyu/datasets/YOLO_RGB_carton/images/val2017/1925.jpg: corrupt JPEG restored and saved
[34m[1mval: [0mWARNING ⚠️ /hit_zri/train_new_sileiyu/datasets/YOLO_RGB_carton/images/val2017/1986.jpg: corrupt JPEG restored and saved
[34m[1mval: [0mWARNING ⚠️ /hit_zri/train_new_sileiyu/datasets/YOLO_RGB_carton/images/val2017/2 (127).jpg: ignoring corrupt image/label: non-normalized or out of bounds coordinates [          1]
[34m[1mval: [0mWARNING ⚠️ /hit_zri/train_new_sileiyu/datasets/YOLO_RGB_carton/images/val2017/2022.jpg: corrupt JPEG restored and saved
[34m[1mval: [0mWARNING ⚠️ /hit_zri/train_new_sileiyu/datasets/YOLO_RGB_carton/images/val2017/2093.jpg: corrupt JPEG restored and saved
[34m[1mval: [0mWARNING ⚠️ /hit_zri/train_new_sileiyu/datasets/YOLO_RGB_carton/images/val2017/2143.jpg: corrupt JPEG restored and saved
[34m[1mval: [0mWARNING ⚠️ /hit_zri/train_new_sileiyu/datasets/YOLO_RGB_carton/images/val2017/2175.jpg: corrupt JPEG restored and saved
[34m[1mval: [0mWARNING ⚠️ /hit_zri/train_new_sileiyu/datasets/YOLO_RGB_carton/images/val2017/2223.jpg: corrupt JPEG restored and saved
[34m[1mval: [0mWARNING ⚠️ /hit_zri/train_new_sileiyu/datasets/YOLO_RGB_carton/images/val2017/2231.jpg: corrupt JPEG restored and saved
[34m[1mval: [0mWARNING ⚠️ /hit_zri/train_new_sileiyu/datasets/YOLO_RGB_carton/images/val2017/2244.jpg: corrupt JPEG restored and saved
[34m[1mval: [0mWARNING ⚠️ /hit_zri/train_new_sileiyu/datasets/YOLO_RGB_carton/images/val2017/2315.jpg: corrupt JPEG restored and saved
[34m[1mval: [0mWARNING ⚠️ /hit_zri/train_new_sileiyu/datasets/YOLO_RGB_carton/images/val2017/256.jpg: corrupt JPEG restored and saved
[34m[1mval: [0mWARNING ⚠️ /hit_zri/train_new_sileiyu/datasets/YOLO_RGB_carton/images/val2017/2729.jpg: corrupt JPEG restored and saved
[34m[1mval: [0mWARNING ⚠️ /hit_zri/train_new_sileiyu/datasets/YOLO_RGB_carton/images/val2017/2737.jpg: corrupt JPEG restored and saved
[34m[1mval: [0mWARNING ⚠️ /hit_zri/train_new_sileiyu/datasets/YOLO_RGB_carton/images/val2017/2753.jpg: corrupt JPEG restored and saved
[34m[1mval: [0mWARNING ⚠️ /hit_zri/train_new_sileiyu/datasets/YOLO_RGB_carton/images/val2017/2797.jpg: corrupt JPEG restored and saved
[34m[1mval: [0mWARNING ⚠️ /hit_zri/train_new_sileiyu/datasets/YOLO_RGB_carton/images/val2017/3 (104).jpg: corrupt JPEG restored and saved
[34m[1mval: [0mWARNING ⚠️ /hit_zri/train_new_sileiyu/datasets/YOLO_RGB_carton/images/val2017/3 (122).jpg: corrupt JPEG restored and saved
[34m[1mval: [0mWARNING ⚠️ /hit_zri/train_new_sileiyu/datasets/YOLO_RGB_carton/images/val2017/3 (144).jpg: corrupt JPEG restored and saved
[34m[1mval: [0mWARNING ⚠️ /hit_zri/train_new_sileiyu/datasets/YOLO_RGB_carton/images/val2017/3 (15).jpg: corrupt JPEG restored and saved
[34m[1mval: [0mWARNING ⚠️ /hit_zri/train_new_sileiyu/datasets/YOLO_RGB_carton/images/val2017/3 (162).jpg: corrupt JPEG restored and saved
[34m[1mval: [0mWARNING ⚠️ /hit_zri/train_new_sileiyu/datasets/YOLO_RGB_carton/images/val2017/3 (186).jpg: corrupt JPEG restored and saved
[34m[1mval: [0mWARNING ⚠️ /hit_zri/train_new_sileiyu/datasets/YOLO_RGB_carton/images/val2017/3 (192).jpg: corrupt JPEG restored and saved
[34m[1mval: [0mWARNING ⚠️ /hit_zri/train_new_sileiyu/datasets/YOLO_RGB_carton/images/val2017/3 (201).jpg: corrupt JPEG restored and saved
[34m[1mval: [0mWARNING ⚠️ /hit_zri/train_new_sileiyu/datasets/YOLO_RGB_carton/images/val2017/3 (203).jpg: corrupt JPEG restored and saved
[34m[1mval: [0mWARNING ⚠️ /hit_zri/train_new_sileiyu/datasets/YOLO_RGB_carton/images/val2017/3 (212).jpg: corrupt JPEG restored and saved
[34m[1mval: [0mWARNING ⚠️ /hit_zri/train_new_sileiyu/datasets/YOLO_RGB_carton/images/val2017/3 (219).jpg: corrupt JPEG restored and saved
[34m[1mval: [0mWARNING ⚠️ /hit_zri/train_new_sileiyu/datasets/YOLO_RGB_carton/images/val2017/3 (23).jpg: corrupt JPEG restored and saved
[34m[1mval: [0mWARNING ⚠️ /hit_zri/train_new_sileiyu/datasets/YOLO_RGB_carton/images/val2017/3 (24).jpg: corrupt JPEG restored and saved
[34m[1mval: [0mWARNING ⚠️ /hit_zri/train_new_sileiyu/datasets/YOLO_RGB_carton/images/val2017/3 (329).jpg: corrupt JPEG restored and saved
[34m[1mval: [0mWARNING ⚠️ /hit_zri/train_new_sileiyu/datasets/YOLO_RGB_carton/images/val2017/3 (345).jpg: corrupt JPEG restored and saved
[34m[1mval: [0mWARNING ⚠️ /hit_zri/train_new_sileiyu/datasets/YOLO_RGB_carton/images/val2017/3 (348).jpg: corrupt JPEG restored and saved
[34m[1mval: [0mWARNING ⚠️ /hit_zri/train_new_sileiyu/datasets/YOLO_RGB_carton/images/val2017/3 (360).jpg: corrupt JPEG restored and saved
[34m[1mval: [0mWARNING ⚠️ /hit_zri/train_new_sileiyu/datasets/YOLO_RGB_carton/images/val2017/3 (374).jpg: corrupt JPEG restored and saved
[34m[1mval: [0mWARNING ⚠️ /hit_zri/train_new_sileiyu/datasets/YOLO_RGB_carton/images/val2017/3 (375).jpg: corrupt JPEG restored and saved
[34m[1mval: [0mWARNING ⚠️ /hit_zri/train_new_sileiyu/datasets/YOLO_RGB_carton/images/val2017/3 (385).jpg: corrupt JPEG restored and saved
[34m[1mval: [0mWARNING ⚠️ /hit_zri/train_new_sileiyu/datasets/YOLO_RGB_carton/images/val2017/3 (403).jpg: corrupt JPEG restored and saved
[34m[1mval: [0mWARNING ⚠️ /hit_zri/train_new_sileiyu/datasets/YOLO_RGB_carton/images/val2017/3 (436).jpg: corrupt JPEG restored and saved
[34m[1mval: [0mWARNING ⚠️ /hit_zri/train_new_sileiyu/datasets/YOLO_RGB_carton/images/val2017/3 (474).jpg: corrupt JPEG restored and saved
[34m[1mval: [0mWARNING ⚠️ /hit_zri/train_new_sileiyu/datasets/YOLO_RGB_carton/images/val2017/3 (536).jpg: corrupt JPEG restored and saved
[34m[1mval: [0mWARNING ⚠️ /hit_zri/train_new_sileiyu/datasets/YOLO_RGB_carton/images/val2017/3 (63).jpg: corrupt JPEG restored and saved
[34m[1mval: [0mWARNING ⚠️ /hit_zri/train_new_sileiyu/datasets/YOLO_RGB_carton/images/val2017/3 (7).jpg: corrupt JPEG restored and saved
[34m[1mval: [0mWARNING ⚠️ /hit_zri/train_new_sileiyu/datasets/YOLO_RGB_carton/images/val2017/3 (78).jpg: corrupt JPEG restored and saved
[34m[1mval: [0mWARNING ⚠️ /hit_zri/train_new_sileiyu/datasets/YOLO_RGB_carton/images/val2017/3 (89).jpg: corrupt JPEG restored and saved
[34m[1mval: [0mWARNING ⚠️ /hit_zri/train_new_sileiyu/datasets/YOLO_RGB_carton/images/val2017/3 (91).jpg: corrupt JPEG restored and saved
[34m[1mval: [0mWARNING ⚠️ /hit_zri/train_new_sileiyu/datasets/YOLO_RGB_carton/images/val2017/3015.jpg: corrupt JPEG restored and saved
[34m[1mval: [0mWARNING ⚠️ /hit_zri/train_new_sileiyu/datasets/YOLO_RGB_carton/images/val2017/3030.jpg: corrupt JPEG restored and saved
[34m[1mval: [0mWARNING ⚠️ /hit_zri/train_new_sileiyu/datasets/YOLO_RGB_carton/images/val2017/3151.jpg: corrupt JPEG restored and saved
[34m[1mval: [0mWARNING ⚠️ /hit_zri/train_new_sileiyu/datasets/YOLO_RGB_carton/images/val2017/3204.jpg: corrupt JPEG restored and saved
[34m[1mval: [0mWARNING ⚠️ /hit_zri/train_new_sileiyu/datasets/YOLO_RGB_carton/images/val2017/3385.jpg: corrupt JPEG restored and saved
[34m[1mval: [0mWARNING ⚠️ /hit_zri/train_new_sileiyu/datasets/YOLO_RGB_carton/images/val2017/3523.jpg: corrupt JPEG restored and saved
[34m[1mval: [0mWARNING ⚠️ /hit_zri/train_new_sileiyu/datasets/YOLO_RGB_carton/images/val2017/3693.jpg: corrupt JPEG restored and saved
[34m[1mval: [0mWARNING ⚠️ /hit_zri/train_new_sileiyu/datasets/YOLO_RGB_carton/images/val2017/371.jpg: corrupt JPEG restored and saved
[34m[1mval: [0mWARNING ⚠️ /hit_zri/train_new_sileiyu/datasets/YOLO_RGB_carton/images/val2017/3713.jpg: corrupt JPEG restored and saved
[34m[1mval: [0mWARNING ⚠️ /hit_zri/train_new_sileiyu/datasets/YOLO_RGB_carton/images/val2017/376.jpg: corrupt JPEG restored and saved
[34m[1mval: [0mWARNING ⚠️ /hit_zri/train_new_sileiyu/datasets/YOLO_RGB_carton/images/val2017/391.jpg: corrupt JPEG restored and saved
[34m[1mval: [0mWARNING ⚠️ /hit_zri/train_new_sileiyu/datasets/YOLO_RGB_carton/images/val2017/4 (104).jpg: corrupt JPEG restored and saved
[34m[1mval: [0mWARNING ⚠️ /hit_zri/train_new_sileiyu/datasets/YOLO_RGB_carton/images/val2017/4 (135).jpg: corrupt JPEG restored and saved
[34m[1mval: [0mWARNING ⚠️ /hit_zri/train_new_sileiyu/datasets/YOLO_RGB_carton/images/val2017/4 (143).jpg: corrupt JPEG restored and saved
[34m[1mval: [0mWARNING ⚠️ /hit_zri/train_new_sileiyu/datasets/YOLO_RGB_carton/images/val2017/4 (160).jpg: corrupt JPEG restored and saved
[34m[1mval: [0mWARNING ⚠️ /hit_zri/train_new_sileiyu/datasets/YOLO_RGB_carton/images/val2017/4 (163).jpg: corrupt JPEG restored and saved
[34m[1mval: [0mWARNING ⚠️ /hit_zri/train_new_sileiyu/datasets/YOLO_RGB_carton/images/val2017/4 (195).jpg: corrupt JPEG restored and saved
[34m[1mval: [0mWARNING ⚠️ /hit_zri/train_new_sileiyu/datasets/YOLO_RGB_carton/images/val2017/4 (201).jpg: corrupt JPEG restored and saved
[34m[1mval: [0mWARNING ⚠️ /hit_zri/train_new_sileiyu/datasets/YOLO_RGB_carton/images/val2017/4 (202).jpg: corrupt JPEG restored and saved
[34m[1mval: [0mWARNING ⚠️ /hit_zri/train_new_sileiyu/datasets/YOLO_RGB_carton/images/val2017/4 (203).jpg: corrupt JPEG restored and saved
[34m[1mval: [0mWARNING ⚠️ /hit_zri/train_new_sileiyu/datasets/YOLO_RGB_carton/images/val2017/4 (206).jpg: corrupt JPEG restored and saved
[34m[1mval: [0mWARNING ⚠️ /hit_zri/train_new_sileiyu/datasets/YOLO_RGB_carton/images/val2017/4 (208).jpg: corrupt JPEG restored and saved
[34m[1mval: [0mWARNING ⚠️ /hit_zri/train_new_sileiyu/datasets/YOLO_RGB_carton/images/val2017/4 (211).jpg: corrupt JPEG restored and saved
[34m[1mval: [0mWARNING ⚠️ /hit_zri/train_new_sileiyu/datasets/YOLO_RGB_carton/images/val2017/4 (212).jpg: corrupt JPEG restored and saved
[34m[1mval: [0mWARNING ⚠️ /hit_zri/train_new_sileiyu/datasets/YOLO_RGB_carton/images/val2017/4 (216).jpg: corrupt JPEG restored and saved
[34m[1mval: [0mWARNING ⚠️ /hit_zri/train_new_sileiyu/datasets/YOLO_RGB_carton/images/val2017/4 (218).jpg: corrupt JPEG restored and saved
[34m[1mval: [0mWARNING ⚠️ /hit_zri/train_new_sileiyu/datasets/YOLO_RGB_carton/images/val2017/4 (225).jpg: corrupt JPEG restored and saved
[34m[1mval: [0mWARNING ⚠️ /hit_zri/train_new_sileiyu/datasets/YOLO_RGB_carton/images/val2017/4 (230).jpg: corrupt JPEG restored and saved
[34m[1mval: [0mWARNING ⚠️ /hit_zri/train_new_sileiyu/datasets/YOLO_RGB_carton/images/val2017/4 (248).jpg: corrupt JPEG restored and saved
[34m[1mval: [0mWARNING ⚠️ /hit_zri/train_new_sileiyu/datasets/YOLO_RGB_carton/images/val2017/4 (251).jpg: corrupt JPEG restored and saved
[34m[1mval: [0mWARNING ⚠️ /hit_zri/train_new_sileiyu/datasets/YOLO_RGB_carton/images/val2017/4 (296).jpg: corrupt JPEG restored and saved
[34m[1mval: [0mWARNING ⚠️ /hit_zri/train_new_sileiyu/datasets/YOLO_RGB_carton/images/val2017/4 (304).jpg: corrupt JPEG restored and saved
[34m[1mval: [0mWARNING ⚠️ /hit_zri/train_new_sileiyu/datasets/YOLO_RGB_carton/images/val2017/4 (308).jpg: corrupt JPEG restored and saved
[34m[1mval: [0mWARNING ⚠️ /hit_zri/train_new_sileiyu/datasets/YOLO_RGB_carton/images/val2017/4 (31).jpg: corrupt JPEG restored and saved
[34m[1mval: [0mWARNING ⚠️ /hit_zri/train_new_sileiyu/datasets/YOLO_RGB_carton/images/val2017/4 (323).jpg: corrupt JPEG restored and saved
[34m[1mval: [0mWARNING ⚠️ /hit_zri/train_new_sileiyu/datasets/YOLO_RGB_carton/images/val2017/4 (344).jpg: corrupt JPEG restored and saved
[34m[1mval: [0mWARNING ⚠️ /hit_zri/train_new_sileiyu/datasets/YOLO_RGB_carton/images/val2017/4 (351).jpg: corrupt JPEG restored and saved
[34m[1mval: [0mWARNING ⚠️ /hit_zri/train_new_sileiyu/datasets/YOLO_RGB_carton/images/val2017/4 (353).jpg: corrupt JPEG restored and saved
[34m[1mval: [0mWARNING ⚠️ /hit_zri/train_new_sileiyu/datasets/YOLO_RGB_carton/images/val2017/4 (355).jpg: corrupt JPEG restored and saved
[34m[1mval: [0mWARNING ⚠️ /hit_zri/train_new_sileiyu/datasets/YOLO_RGB_carton/images/val2017/4 (356).jpg: corrupt JPEG restored and saved
[34m[1mval: [0mWARNING ⚠️ /hit_zri/train_new_sileiyu/datasets/YOLO_RGB_carton/images/val2017/4 (357).jpg: corrupt JPEG restored and saved
[34m[1mval: [0mWARNING ⚠️ /hit_zri/train_new_sileiyu/datasets/YOLO_RGB_carton/images/val2017/4 (41).jpg: corrupt JPEG restored and saved
[34m[1mval: [0mWARNING ⚠️ /hit_zri/train_new_sileiyu/datasets/YOLO_RGB_carton/images/val2017/4 (426).jpg: corrupt JPEG restored and saved
[34m[1mval: [0mWARNING ⚠️ /hit_zri/train_new_sileiyu/datasets/YOLO_RGB_carton/images/val2017/4 (44).jpg: corrupt JPEG restored and saved
[34m[1mval: [0mWARNING ⚠️ /hit_zri/train_new_sileiyu/datasets/YOLO_RGB_carton/images/val2017/4 (450).jpg: corrupt JPEG restored and saved
[34m[1mval: [0mWARNING ⚠️ /hit_zri/train_new_sileiyu/datasets/YOLO_RGB_carton/images/val2017/4 (460).jpg: corrupt JPEG restored and saved
[34m[1mval: [0mWARNING ⚠️ /hit_zri/train_new_sileiyu/datasets/YOLO_RGB_carton/images/val2017/4 (465).jpg: corrupt JPEG restored and saved
[34m[1mval: [0mWARNING ⚠️ /hit_zri/train_new_sileiyu/datasets/YOLO_RGB_carton/images/val2017/4 (472).jpg: corrupt JPEG restored and saved
[34m[1mval: [0mWARNING ⚠️ /hit_zri/train_new_sileiyu/datasets/YOLO_RGB_carton/images/val2017/4 (48).jpg: corrupt JPEG restored and saved
[34m[1mval: [0mWARNING ⚠️ /hit_zri/train_new_sileiyu/datasets/YOLO_RGB_carton/images/val2017/4 (484).jpg: corrupt JPEG restored and saved
[34m[1mval: [0mWARNING ⚠️ /hit_zri/train_new_sileiyu/datasets/YOLO_RGB_carton/images/val2017/4 (492).jpg: corrupt JPEG restored and saved
[34m[1mval: [0mWARNING ⚠️ /hit_zri/train_new_sileiyu/datasets/YOLO_RGB_carton/images/val2017/4 (504).jpg: corrupt JPEG restored and saved
[34m[1mval: [0mWARNING ⚠️ /hit_zri/train_new_sileiyu/datasets/YOLO_RGB_carton/images/val2017/4 (66).jpg: corrupt JPEG restored and saved
[34m[1mval: [0mWARNING ⚠️ /hit_zri/train_new_sileiyu/datasets/YOLO_RGB_carton/images/val2017/4 (83).jpg: corrupt JPEG restored and saved
[34m[1mval: [0mWARNING ⚠️ /hit_zri/train_new_sileiyu/datasets/YOLO_RGB_carton/images/val2017/432.jpg: corrupt JPEG restored and saved
[34m[1mval: [0mWARNING ⚠️ /hit_zri/train_new_sileiyu/datasets/YOLO_RGB_carton/images/val2017/5 (39).jpg: corrupt JPEG restored and saved
[34m[1mval: [0mWARNING ⚠️ /hit_zri/train_new_sileiyu/datasets/YOLO_RGB_carton/images/val2017/5 (42).jpg: corrupt JPEG restored and saved
[34m[1mval: [0mWARNING ⚠️ /hit_zri/train_new_sileiyu/datasets/YOLO_RGB_carton/images/val2017/5 (71).jpg: corrupt JPEG restored and saved
[34m[1mval: [0mWARNING ⚠️ /hit_zri/train_new_sileiyu/datasets/YOLO_RGB_carton/images/val2017/5 (75).jpg: corrupt JPEG restored and saved
[34m[1mval: [0mWARNING ⚠️ /hit_zri/train_new_sileiyu/datasets/YOLO_RGB_carton/images/val2017/5 (91).jpg: corrupt JPEG restored and saved
[34m[1mval: [0mWARNING ⚠️ /hit_zri/train_new_sileiyu/datasets/YOLO_RGB_carton/images/val2017/528.jpg: corrupt JPEG restored and saved
[34m[1mval: [0mWARNING ⚠️ /hit_zri/train_new_sileiyu/datasets/YOLO_RGB_carton/images/val2017/570.jpg: corrupt JPEG restored and saved
[34m[1mval: [0mWARNING ⚠️ /hit_zri/train_new_sileiyu/datasets/YOLO_RGB_carton/images/val2017/6 (1).jpg: corrupt JPEG restored and saved
[34m[1mval: [0mWARNING ⚠️ /hit_zri/train_new_sileiyu/datasets/YOLO_RGB_carton/images/val2017/6 (103).jpg: corrupt JPEG restored and saved
[34m[1mval: [0mWARNING ⚠️ /hit_zri/train_new_sileiyu/datasets/YOLO_RGB_carton/images/val2017/6 (105).jpg: corrupt JPEG restored and saved
[34m[1mval: [0mWARNING ⚠️ /hit_zri/train_new_sileiyu/datasets/YOLO_RGB_carton/images/val2017/6 (109).jpg: corrupt JPEG restored and saved
[34m[1mval: [0mWARNING ⚠️ /hit_zri/train_new_sileiyu/datasets/YOLO_RGB_carton/images/val2017/6 (113).jpg: corrupt JPEG restored and saved
[34m[1mval: [0mWARNING ⚠️ /hit_zri/train_new_sileiyu/datasets/YOLO_RGB_carton/images/val2017/6 (116).jpg: corrupt JPEG restored and saved
[34m[1mval: [0mWARNING ⚠️ /hit_zri/train_new_sileiyu/datasets/YOLO_RGB_carton/images/val2017/6 (12).jpg: corrupt JPEG restored and saved
[34m[1mval: [0mWARNING ⚠️ /hit_zri/train_new_sileiyu/datasets/YOLO_RGB_carton/images/val2017/6 (124).jpg: corrupt JPEG restored and saved
[34m[1mval: [0mWARNING ⚠️ /hit_zri/train_new_sileiyu/datasets/YOLO_RGB_carton/images/val2017/6 (131).jpg: corrupt JPEG restored and saved
[34m[1mval: [0mWARNING ⚠️ /hit_zri/train_new_sileiyu/datasets/YOLO_RGB_carton/images/val2017/6 (134).jpg: corrupt JPEG restored and saved
[34m[1mval: [0mWARNING ⚠️ /hit_zri/train_new_sileiyu/datasets/YOLO_RGB_carton/images/val2017/6 (148).jpg: corrupt JPEG restored and saved
[34m[1mval: [0mWARNING ⚠️ /hit_zri/train_new_sileiyu/datasets/YOLO_RGB_carton/images/val2017/6 (153).jpg: corrupt JPEG restored and saved
[34m[1mval: [0mWARNING ⚠️ /hit_zri/train_new_sileiyu/datasets/YOLO_RGB_carton/images/val2017/6 (155).jpg: corrupt JPEG restored and saved
[34m[1mval: [0mWARNING ⚠️ /hit_zri/train_new_sileiyu/datasets/YOLO_RGB_carton/images/val2017/6 (158).jpg: corrupt JPEG restored and saved
[34m[1mval: [0mWARNING ⚠️ /hit_zri/train_new_sileiyu/datasets/YOLO_RGB_carton/images/val2017/6 (164).jpg: corrupt JPEG restored and saved
[34m[1mval: [0mWARNING ⚠️ /hit_zri/train_new_sileiyu/datasets/YOLO_RGB_carton/images/val2017/6 (165).jpg: corrupt JPEG restored and saved
[34m[1mval: [0mWARNING ⚠️ /hit_zri/train_new_sileiyu/datasets/YOLO_RGB_carton/images/val2017/6 (17).jpg: corrupt JPEG restored and saved
[34m[1mval: [0mWARNING ⚠️ /hit_zri/train_new_sileiyu/datasets/YOLO_RGB_carton/images/val2017/6 (175).jpg: corrupt JPEG restored and saved
[34m[1mval: [0mWARNING ⚠️ /hit_zri/train_new_sileiyu/datasets/YOLO_RGB_carton/images/val2017/6 (177).jpg: corrupt JPEG restored and saved
[34m[1mval: [0mWARNING ⚠️ /hit_zri/train_new_sileiyu/datasets/YOLO_RGB_carton/images/val2017/6 (190).jpg: corrupt JPEG restored and saved
[34m[1mval: [0mWARNING ⚠️ /hit_zri/train_new_sileiyu/datasets/YOLO_RGB_carton/images/val2017/6 (227).jpg: corrupt JPEG restored and saved
[34m[1mval: [0mWARNING ⚠️ /hit_zri/train_new_sileiyu/datasets/YOLO_RGB_carton/images/val2017/6 (237).jpg: corrupt JPEG restored and saved
[34m[1mval: [0mWARNING ⚠️ /hit_zri/train_new_sileiyu/datasets/YOLO_RGB_carton/images/val2017/6 (241).jpg: corrupt JPEG restored and saved
[34m[1mval: [0mWARNING ⚠️ /hit_zri/train_new_sileiyu/datasets/YOLO_RGB_carton/images/val2017/6 (243).jpg: corrupt JPEG restored and saved
[34m[1mval: [0mWARNING ⚠️ /hit_zri/train_new_sileiyu/datasets/YOLO_RGB_carton/images/val2017/6 (244).jpg: corrupt JPEG restored and saved
[34m[1mval: [0mWARNING ⚠️ /hit_zri/train_new_sileiyu/datasets/YOLO_RGB_carton/images/val2017/6 (53).jpg: corrupt JPEG restored and saved
[34m[1mval: [0mWARNING ⚠️ /hit_zri/train_new_sileiyu/datasets/YOLO_RGB_carton/images/val2017/6 (6).jpg: corrupt JPEG restored and saved
[34m[1mval: [0mWARNING ⚠️ /hit_zri/train_new_sileiyu/datasets/YOLO_RGB_carton/images/val2017/6 (60).jpg: corrupt JPEG restored and saved
[34m[1mval: [0mWARNING ⚠️ /hit_zri/train_new_sileiyu/datasets/YOLO_RGB_carton/images/val2017/6 (63).jpg: corrupt JPEG restored and saved
[34m[1mval: [0mWARNING ⚠️ /hit_zri/train_new_sileiyu/datasets/YOLO_RGB_carton/images/val2017/6 (68).jpg: corrupt JPEG restored and saved
[34m[1mval: [0mWARNING ⚠️ /hit_zri/train_new_sileiyu/datasets/YOLO_RGB_carton/images/val2017/6 (78).jpg: corrupt JPEG restored and saved
[34m[1mval: [0mWARNING ⚠️ /hit_zri/train_new_sileiyu/datasets/YOLO_RGB_carton/images/val2017/6 (79).jpg: corrupt JPEG restored and saved
[34m[1mval: [0mWARNING ⚠️ /hit_zri/train_new_sileiyu/datasets/YOLO_RGB_carton/images/val2017/6 (93).jpg: corrupt JPEG restored and saved
[34m[1mval: [0mWARNING ⚠️ /hit_zri/train_new_sileiyu/datasets/YOLO_RGB_carton/images/val2017/6 (95).jpg: corrupt JPEG restored and saved
[34m[1mval: [0mWARNING ⚠️ /hit_zri/train_new_sileiyu/datasets/YOLO_RGB_carton/images/val2017/645.jpg: corrupt JPEG restored and saved
[34m[1mval: [0mWARNING ⚠️ /hit_zri/train_new_sileiyu/datasets/YOLO_RGB_carton/images/val2017/646.jpg: corrupt JPEG restored and saved
[34m[1mval: [0mWARNING ⚠️ /hit_zri/train_new_sileiyu/datasets/YOLO_RGB_carton/images/val2017/781.jpg: corrupt JPEG restored and saved
[34m[1mval: [0mWARNING ⚠️ /hit_zri/train_new_sileiyu/datasets/YOLO_RGB_carton/images/val2017/83.jpg: corrupt JPEG restored and saved
[34m[1mval: [0mWARNING ⚠️ /hit_zri/train_new_sileiyu/datasets/YOLO_RGB_carton/images/val2017/839.jpg: corrupt JPEG restored and saved
[34m[1mval: [0mWARNING ⚠️ /hit_zri/train_new_sileiyu/datasets/YOLO_RGB_carton/images/val2017/899.jpg: corrupt JPEG restored and saved
[34m[1mval: [0mWARNING ⚠️ /hit_zri/train_new_sileiyu/datasets/YOLO_RGB_carton/images/val2017/993.jpg: corrupt JPEG restored and saved
[34m[1mval: [0mWARNING ⚠️ /hit_zri/train_new_sileiyu/datasets/YOLO_RGB_carton/images/val2017/IMG_20191125_131704.jpg: corrupt JPEG restored and saved
[34m[1mval: [0mWARNING ⚠️ /hit_zri/train_new_sileiyu/datasets/YOLO_RGB_carton/images/val2017/IMG_20200917_090809.jpg: corrupt JPEG restored and saved
[34m[1mval: [0mWARNING ⚠️ /hit_zri/train_new_sileiyu/datasets/YOLO_RGB_carton/images/val2017/IMG_20200917_092339.jpg: corrupt JPEG restored and saved
[34m[1mval: [0mWARNING ⚠️ /hit_zri/train_new_sileiyu/datasets/YOLO_RGB_carton/images/val2017/IMG_20200917_092413.jpg: corrupt JPEG restored and saved
[34m[1mval: [0mWARNING ⚠️ /hit_zri/train_new_sileiyu/datasets/YOLO_RGB_carton/images/val2017/IMG_20200917_092514.jpg: corrupt JPEG restored and saved
[34m[1mval: [0mWARNING ⚠️ /hit_zri/train_new_sileiyu/datasets/YOLO_RGB_carton/images/val2017/IMG_20200917_093407.jpg: corrupt JPEG restored and saved
[34m[1mval: [0mWARNING ⚠️ /hit_zri/train_new_sileiyu/datasets/YOLO_RGB_carton/images/val2017/IMG_20200917_094603.jpg: corrupt JPEG restored and saved
[34m[1mval: [0mWARNING ⚠️ /hit_zri/train_new_sileiyu/datasets/YOLO_RGB_carton/images/val2017/IMG_20200917_095134.jpg: corrupt JPEG restored and saved
[34m[1mval: [0mWARNING ⚠️ /hit_zri/train_new_sileiyu/datasets/YOLO_RGB_carton/images/val2017/IMG_20200917_114709.jpg: corrupt JPEG restored and saved
[34m[1mval: [0mWARNING ⚠️ /hit_zri/train_new_sileiyu/datasets/YOLO_RGB_carton/images/val2017/IMG_20200917_120848.jpg: corrupt JPEG restored and saved
[34m[1mval: [0mWARNING ⚠️ /hit_zri/train_new_sileiyu/datasets/YOLO_RGB_carton/images/val2017/IMG_20200917_121024.jpg: corrupt JPEG restored and saved
[34m[1mval: [0mWARNING ⚠️ /hit_zri/train_new_sileiyu/datasets/YOLO_RGB_carton/images/val2017/IMG_20200917_122019.jpg: corrupt JPEG restored and saved
[34m[1mval: [0mWARNING ⚠️ /hit_zri/train_new_sileiyu/datasets/YOLO_RGB_carton/images/val2017/IMG_20200917_132859.jpg: corrupt JPEG restored and saved
[34m[1mval: [0mWARNING ⚠️ /hit_zri/train_new_sileiyu/datasets/YOLO_RGB_carton/images/val2017/IMG_20200917_143313.jpg: corrupt JPEG restored and saved
[34m[1mval: [0mWARNING ⚠️ /hit_zri/train_new_sileiyu/datasets/YOLO_RGB_carton/images/val2017/IMG_20200917_143747.jpg: corrupt JPEG restored and saved
[34m[1mval: [0mWARNING ⚠️ /hit_zri/train_new_sileiyu/datasets/YOLO_RGB_carton/images/val2017/IMG_20200917_143856.jpg: corrupt JPEG restored and saved
[34m[1mval: [0mWARNING ⚠️ /hit_zri/train_new_sileiyu/datasets/YOLO_RGB_carton/images/val2017/g2 (29).jpg: corrupt JPEG restored and saved
[34m[1mval: [0mWARNING ⚠️ /hit_zri/train_new_sileiyu/datasets/YOLO_RGB_carton/images/val2017/g2 (30).jpg: corrupt JPEG restored and saved
[34m[1mval: [0mWARNING ⚠️ /hit_zri/train_new_sileiyu/datasets/YOLO_RGB_carton/images/val2017/g2 (37).jpg: corrupt JPEG restored and saved
[34m[1mval: [0mWARNING ⚠️ /hit_zri/train_new_sileiyu/datasets/YOLO_RGB_carton/images/val2017/g2 (40).jpg: corrupt JPEG restored and saved
[34m[1mval: [0mWARNING ⚠️ /hit_zri/train_new_sileiyu/datasets/YOLO_RGB_carton/images/val2017/g3 (103).jpg: corrupt JPEG restored and saved
[34m[1mval: [0mWARNING ⚠️ /hit_zri/train_new_sileiyu/datasets/YOLO_RGB_carton/images/val2017/g3 (126).jpg: corrupt JPEG restored and saved
[34m[1mval: [0mWARNING ⚠️ /hit_zri/train_new_sileiyu/datasets/YOLO_RGB_carton/images/val2017/g3 (22).jpg: corrupt JPEG restored and saved
[34m[1mval: [0mWARNING ⚠️ /hit_zri/train_new_sileiyu/datasets/YOLO_RGB_carton/images/val2017/g3 (36).jpg: corrupt JPEG restored and saved
[34m[1mval: [0mWARNING ⚠️ /hit_zri/train_new_sileiyu/datasets/YOLO_RGB_carton/images/val2017/g3 (4).jpg: corrupt JPEG restored and saved
[34m[1mval: [0mWARNING ⚠️ /hit_zri/train_new_sileiyu/datasets/YOLO_RGB_carton/images/val2017/g3 (44).jpg: corrupt JPEG restored and saved
[34m[1mval: [0mWARNING ⚠️ /hit_zri/train_new_sileiyu/datasets/YOLO_RGB_carton/images/val2017/g3 (55).jpg: corrupt JPEG restored and saved
[34m[1mval: [0mWARNING ⚠️ /hit_zri/train_new_sileiyu/datasets/YOLO_RGB_carton/images/val2017/g3 (69).jpg: corrupt JPEG restored and saved
[34m[1mval: [0mWARNING ⚠️ /hit_zri/train_new_sileiyu/datasets/YOLO_RGB_carton/images/val2017/g3 (7).jpg: corrupt JPEG restored and saved
[34m[1mval: [0mWARNING ⚠️ /hit_zri/train_new_sileiyu/datasets/YOLO_RGB_carton/images/val2017/g3 (73).jpg: corrupt JPEG restored and saved
[34m[1mval: [0mWARNING ⚠️ /hit_zri/train_new_sileiyu/datasets/YOLO_RGB_carton/images/val2017/g3 (78).jpg: corrupt JPEG restored and saved
[34m[1mval: [0mWARNING ⚠️ /hit_zri/train_new_sileiyu/datasets/YOLO_RGB_carton/images/val2017/g3 (99).jpg: corrupt JPEG restored and saved
[34m[1mval: [0mWARNING ⚠️ /hit_zri/train_new_sileiyu/datasets/YOLO_RGB_carton/images/val2017/l (112).jpg: corrupt JPEG restored and saved
[34m[1mval: [0mWARNING ⚠️ /hit_zri/train_new_sileiyu/datasets/YOLO_RGB_carton/images/val2017/l (135).jpg: corrupt JPEG restored and saved
[34m[1mval: [0mWARNING ⚠️ /hit_zri/train_new_sileiyu/datasets/YOLO_RGB_carton/images/val2017/l (139).jpg: corrupt JPEG restored and saved
[34m[1mval: [0mWARNING ⚠️ /hit_zri/train_new_sileiyu/datasets/YOLO_RGB_carton/images/val2017/l (140).jpg: corrupt JPEG restored and saved
[34m[1mval: [0mWARNING ⚠️ /hit_zri/train_new_sileiyu/datasets/YOLO_RGB_carton/images/val2017/l (149).jpg: corrupt JPEG restored and saved
[34m[1mval: [0mWARNING ⚠️ /hit_zri/train_new_sileiyu/datasets/YOLO_RGB_carton/images/val2017/l (15).jpg: corrupt JPEG restored and saved
[34m[1mval: [0mWARNING ⚠️ /hit_zri/train_new_sileiyu/datasets/YOLO_RGB_carton/images/val2017/l (168).jpg: corrupt JPEG restored and saved
[34m[1mval: [0mWARNING ⚠️ /hit_zri/train_new_sileiyu/datasets/YOLO_RGB_carton/images/val2017/l (170).jpg: corrupt JPEG restored and saved
[34m[1mval: [0mWARNING ⚠️ /hit_zri/train_new_sileiyu/datasets/YOLO_RGB_carton/images/val2017/l (171).jpg: corrupt JPEG restored and saved
[34m[1mval: [0mWARNING ⚠️ /hit_zri/train_new_sileiyu/datasets/YOLO_RGB_carton/images/val2017/l (179).jpg: corrupt JPEG restored and saved
[34m[1mval: [0mWARNING ⚠️ /hit_zri/train_new_sileiyu/datasets/YOLO_RGB_carton/images/val2017/l (197).jpg: corrupt JPEG restored and saved
[34m[1mval: [0mWARNING ⚠️ /hit_zri/train_new_sileiyu/datasets/YOLO_RGB_carton/images/val2017/l (206).jpg: corrupt JPEG restored and saved
[34m[1mval: [0mWARNING ⚠️ /hit_zri/train_new_sileiyu/datasets/YOLO_RGB_carton/images/val2017/l (212).jpg: corrupt JPEG restored and saved
[34m[1mval: [0mWARNING ⚠️ /hit_zri/train_new_sileiyu/datasets/YOLO_RGB_carton/images/val2017/l (217).jpg: corrupt JPEG restored and saved
[34m[1mval: [0mWARNING ⚠️ /hit_zri/train_new_sileiyu/datasets/YOLO_RGB_carton/images/val2017/l (219).jpg: corrupt JPEG restored and saved
[34m[1mval: [0mWARNING ⚠️ /hit_zri/train_new_sileiyu/datasets/YOLO_RGB_carton/images/val2017/l (240).jpg: corrupt JPEG restored and saved
[34m[1mval: [0mWARNING ⚠️ /hit_zri/train_new_sileiyu/datasets/YOLO_RGB_carton/images/val2017/l (267).jpg: corrupt JPEG restored and saved
[34m[1mval: [0mWARNING ⚠️ /hit_zri/train_new_sileiyu/datasets/YOLO_RGB_carton/images/val2017/l (268).jpg: corrupt JPEG restored and saved
[34m[1mval: [0mWARNING ⚠️ /hit_zri/train_new_sileiyu/datasets/YOLO_RGB_carton/images/val2017/l (280).jpg: corrupt JPEG restored and saved
[34m[1mval: [0mWARNING ⚠️ /hit_zri/train_new_sileiyu/datasets/YOLO_RGB_carton/images/val2017/l (281).jpg: corrupt JPEG restored and saved
[34m[1mval: [0mWARNING ⚠️ /hit_zri/train_new_sileiyu/datasets/YOLO_RGB_carton/images/val2017/l (284).jpg: corrupt JPEG restored and saved
[34m[1mval: [0mWARNING ⚠️ /hit_zri/train_new_sileiyu/datasets/YOLO_RGB_carton/images/val2017/l (297).jpg: corrupt JPEG restored and saved
[34m[1mval: [0mWARNING ⚠️ /hit_zri/train_new_sileiyu/datasets/YOLO_RGB_carton/images/val2017/l (3).jpg: corrupt JPEG restored and saved
[34m[1mval: [0mWARNING ⚠️ /hit_zri/train_new_sileiyu/datasets/YOLO_RGB_carton/images/val2017/l (300).jpg: corrupt JPEG restored and saved
[34m[1mval: [0mWARNING ⚠️ /hit_zri/train_new_sileiyu/datasets/YOLO_RGB_carton/images/val2017/l (311).jpg: corrupt JPEG restored and saved
[34m[1mval: [0mWARNING ⚠️ /hit_zri/train_new_sileiyu/datasets/YOLO_RGB_carton/images/val2017/l (312).jpg: corrupt JPEG restored and saved
[34m[1mval: [0mWARNING ⚠️ /hit_zri/train_new_sileiyu/datasets/YOLO_RGB_carton/images/val2017/l (315).jpg: corrupt JPEG restored and saved
[34m[1mval: [0mWARNING ⚠️ /hit_zri/train_new_sileiyu/datasets/YOLO_RGB_carton/images/val2017/l (32).jpg: corrupt JPEG restored and saved
[34m[1mval: [0mWARNING ⚠️ /hit_zri/train_new_sileiyu/datasets/YOLO_RGB_carton/images/val2017/l (333).jpg: corrupt JPEG restored and saved
[34m[1mval: [0mWARNING ⚠️ /hit_zri/train_new_sileiyu/datasets/YOLO_RGB_carton/images/val2017/l (341).jpg: corrupt JPEG restored and saved
[34m[1mval: [0mWARNING ⚠️ /hit_zri/train_new_sileiyu/datasets/YOLO_RGB_carton/images/val2017/l (345).jpg: corrupt JPEG restored and saved
[34m[1mval: [0mWARNING ⚠️ /hit_zri/train_new_sileiyu/datasets/YOLO_RGB_carton/images/val2017/l (45).jpg: corrupt JPEG restored and saved
[34m[1mval: [0mWARNING ⚠️ /hit_zri/train_new_sileiyu/datasets/YOLO_RGB_carton/images/val2017/l (5).jpg: corrupt JPEG restored and saved
[34m[1mval: [0mWARNING ⚠️ /hit_zri/train_new_sileiyu/datasets/YOLO_RGB_carton/images/val2017/l (8).jpg: corrupt JPEG restored and saved
[34m[1mval: [0mWARNING ⚠️ /hit_zri/train_new_sileiyu/datasets/YOLO_RGB_carton/images/val2017/w (11).jpg: corrupt JPEG restored and saved
[34m[1mval: [0mWARNING ⚠️ /hit_zri/train_new_sileiyu/datasets/YOLO_RGB_carton/images/val2017/w (120).jpg: corrupt JPEG restored and saved
[34m[1mval: [0mWARNING ⚠️ /hit_zri/train_new_sileiyu/datasets/YOLO_RGB_carton/images/val2017/w (123).jpg: corrupt JPEG restored and saved
[34m[1mval: [0mWARNING ⚠️ /hit_zri/train_new_sileiyu/datasets/YOLO_RGB_carton/images/val2017/w (13).jpg: corrupt JPEG restored and saved
[34m[1mval: [0mWARNING ⚠️ /hit_zri/train_new_sileiyu/datasets/YOLO_RGB_carton/images/val2017/w (134).jpg: corrupt JPEG restored and saved
[34m[1mval: [0mWARNING ⚠️ /hit_zri/train_new_sileiyu/datasets/YOLO_RGB_carton/images/val2017/w (135).jpg: corrupt JPEG restored and saved
[34m[1mval: [0mWARNING ⚠️ /hit_zri/train_new_sileiyu/datasets/YOLO_RGB_carton/images/val2017/w (140).jpg: corrupt JPEG restored and saved
[34m[1mval: [0mWARNING ⚠️ /hit_zri/train_new_sileiyu/datasets/YOLO_RGB_carton/images/val2017/w (17).jpg: corrupt JPEG restored and saved
[34m[1mval: [0mWARNING ⚠️ /hit_zri/train_new_sileiyu/datasets/YOLO_RGB_carton/images/val2017/w (177).jpg: corrupt JPEG restored and saved
[34m[1mval: [0mWARNING ⚠️ /hit_zri/train_new_sileiyu/datasets/YOLO_RGB_carton/images/val2017/w (207).jpg: corrupt JPEG restored and saved
[34m[1mval: [0mWARNING ⚠️ /hit_zri/train_new_sileiyu/datasets/YOLO_RGB_carton/images/val2017/w (22).jpg: corrupt JPEG restored and saved
[34m[1mval: [0mWARNING ⚠️ /hit_zri/train_new_sileiyu/datasets/YOLO_RGB_carton/images/val2017/w (232).jpg: corrupt JPEG restored and saved
[34m[1mval: [0mWARNING ⚠️ /hit_zri/train_new_sileiyu/datasets/YOLO_RGB_carton/images/val2017/w (241).jpg: corrupt JPEG restored and saved
[34m[1mval: [0mWARNING ⚠️ /hit_zri/train_new_sileiyu/datasets/YOLO_RGB_carton/images/val2017/w (242).jpg: corrupt JPEG restored and saved
[34m[1mval: [0mWARNING ⚠️ /hit_zri/train_new_sileiyu/datasets/YOLO_RGB_carton/images/val2017/w (254).jpg: corrupt JPEG restored and saved
[34m[1mval: [0mWARNING ⚠️ /hit_zri/train_new_sileiyu/datasets/YOLO_RGB_carton/images/val2017/w (280).jpg: corrupt JPEG restored and saved
[34m[1mval: [0mWARNING ⚠️ /hit_zri/train_new_sileiyu/datasets/YOLO_RGB_carton/images/val2017/w (283).jpg: corrupt JPEG restored and saved
[34m[1mval: [0mWARNING ⚠️ /hit_zri/train_new_sileiyu/datasets/YOLO_RGB_carton/images/val2017/w (290).jpg: corrupt JPEG restored and saved
[34m[1mval: [0mWARNING ⚠️ /hit_zri/train_new_sileiyu/datasets/YOLO_RGB_carton/images/val2017/w (295).jpg: corrupt JPEG restored and saved
[34m[1mval: [0mWARNING ⚠️ /hit_zri/train_new_sileiyu/datasets/YOLO_RGB_carton/images/val2017/w (309).jpg: corrupt JPEG restored and saved
[34m[1mval: [0mWARNING ⚠️ /hit_zri/train_new_sileiyu/datasets/YOLO_RGB_carton/images/val2017/w (31).jpg: corrupt JPEG restored and saved
[34m[1mval: [0mWARNING ⚠️ /hit_zri/train_new_sileiyu/datasets/YOLO_RGB_carton/images/val2017/w (40).jpg: corrupt JPEG restored and saved
[34m[1mval: [0mWARNING ⚠️ /hit_zri/train_new_sileiyu/datasets/YOLO_RGB_carton/images/val2017/w (47).jpg: corrupt JPEG restored and saved
[34m[1mval: [0mWARNING ⚠️ /hit_zri/train_new_sileiyu/datasets/YOLO_RGB_carton/images/val2017/w (49).jpg: corrupt JPEG restored and saved
[34m[1mval: [0mWARNING ⚠️ /hit_zri/train_new_sileiyu/datasets/YOLO_RGB_carton/images/val2017/w (52).jpg: corrupt JPEG restored and saved
[34m[1mval: [0mWARNING ⚠️ /hit_zri/train_new_sileiyu/datasets/YOLO_RGB_carton/images/val2017/w (56).jpg: corrupt JPEG restored and saved
[34m[1mval: [0mWARNING ⚠️ /hit_zri/train_new_sileiyu/datasets/YOLO_RGB_carton/images/val2017/w (58).jpg: corrupt JPEG restored and saved
[34m[1mval: [0mWARNING ⚠️ /hit_zri/train_new_sileiyu/datasets/YOLO_RGB_carton/images/val2017/w (6).jpg: corrupt JPEG restored and saved
[34m[1mval: [0mWARNING ⚠️ /hit_zri/train_new_sileiyu/datasets/YOLO_RGB_carton/images/val2017/w (72).jpg: corrupt JPEG restored and saved
[34m[1mval: [0mWARNING ⚠️ /hit_zri/train_new_sileiyu/datasets/YOLO_RGB_carton/images/val2017/w (73).jpg: corrupt JPEG restored and saved
[34m[1mval: [0mWARNING ⚠️ /hit_zri/train_new_sileiyu/datasets/YOLO_RGB_carton/images/val2017/w (81).jpg: corrupt JPEG restored and saved
[34m[1mval: [0mWARNING ⚠️ /hit_zri/train_new_sileiyu/datasets/YOLO_RGB_carton/images/val2017/w (84).jpg: corrupt JPEG restored and saved
Plotting labels to runs/exp/run3_rgbd_50/labels.jpg... 
[34m[1moptimizer:[0m 'optimizer=auto' found, ignoring 'lr0=0.01' and 'momentum=0.937' and determining best 'optimizer', 'lr0' and 'momentum' automatically... 
[34m[1moptimizer:[0m AdamW(lr=0.002, momentum=0.9) with parameter groups 81 weight(decay=0.0), 88 weight(decay=0.0005), 87 bias(decay=0.0)
Image sizes 640 train, 640 val
Using 8 dataloader workers
Logging results to [1mruns/exp/run3_rgbd_50[0m
Starting training for 50 epochs...

      Epoch    GPU_mem   box_loss   cls_loss   dfl_loss  Instances       Size
                   all       1999      30534      0.866      0.787      0.858      0.678

      Epoch    GPU_mem   box_loss   cls_loss   dfl_loss  Instances       Size
                   all       1999      30534      0.862      0.759       0.85       0.68

      Epoch    GPU_mem   box_loss   cls_loss   dfl_loss  Instances       Size
                   all       1999      30534      0.886      0.802       0.88      0.724

      Epoch    GPU_mem   box_loss   cls_loss   dfl_loss  Instances       Size
                   all       1999      30534       0.87      0.807      0.882      0.719

      Epoch    GPU_mem   box_loss   cls_loss   dfl_loss  Instances       Size
                   all       1999      30534      0.903      0.812      0.892      0.741

      Epoch    GPU_mem   box_loss   cls_loss   dfl_loss  Instances       Size
                   all       1999      30534      0.875      0.829      0.892       0.74

      Epoch    GPU_mem   box_loss   cls_loss   dfl_loss  Instances       Size
                   all       1999      30534       0.91      0.837      0.909      0.767

      Epoch    GPU_mem   box_loss   cls_loss   dfl_loss  Instances       Size
                   all       1999      30534      0.905      0.833      0.911      0.769

      Epoch    GPU_mem   box_loss   cls_loss   dfl_loss  Instances       Size
                   all       1999      30534      0.919      0.842      0.917      0.784

      Epoch    GPU_mem   box_loss   cls_loss   dfl_loss  Instances       Size
                   all       1999      30534      0.913       0.85       0.92       0.78

      Epoch    GPU_mem   box_loss   cls_loss   dfl_loss  Instances       Size
                   all       1999      30534      0.912      0.853      0.921      0.789

      Epoch    GPU_mem   box_loss   cls_loss   dfl_loss  Instances       Size
                   all       1999      30534      0.908      0.843      0.915      0.777

      Epoch    GPU_mem   box_loss   cls_loss   dfl_loss  Instances       Size
                   all       1999      30534      0.903      0.847      0.909      0.773

      Epoch    GPU_mem   box_loss   cls_loss   dfl_loss  Instances       Size
                   all       1999      30534      0.921      0.846      0.923      0.795

      Epoch    GPU_mem   box_loss   cls_loss   dfl_loss  Instances       Size
                   all       1999      30534      0.925       0.86      0.928        0.8

      Epoch    GPU_mem   box_loss   cls_loss   dfl_loss  Instances       Size
                   all       1999      30534      0.923      0.861      0.928      0.801

      Epoch    GPU_mem   box_loss   cls_loss   dfl_loss  Instances       Size
                   all       1999      30534      0.923      0.862      0.931      0.804

      Epoch    GPU_mem   box_loss   cls_loss   dfl_loss  Instances       Size
                   all       1999      30534      0.932      0.864      0.931      0.807

      Epoch    GPU_mem   box_loss   cls_loss   dfl_loss  Instances       Size
                   all       1999      30534      0.923      0.871      0.934      0.812

      Epoch    GPU_mem   box_loss   cls_loss   dfl_loss  Instances       Size
                   all       1999      30534       0.93      0.863      0.929      0.808

      Epoch    GPU_mem   box_loss   cls_loss   dfl_loss  Instances       Size
                   all       1999      30534      0.928      0.866      0.932      0.812

      Epoch    GPU_mem   box_loss   cls_loss   dfl_loss  Instances       Size
                   all       1999      30534       0.93      0.869      0.936      0.818

      Epoch    GPU_mem   box_loss   cls_loss   dfl_loss  Instances       Size
                   all       1999      30534      0.926      0.874      0.938      0.819

      Epoch    GPU_mem   box_loss   cls_loss   dfl_loss  Instances       Size
                   all       1999      30534      0.933      0.878       0.94      0.823

      Epoch    GPU_mem   box_loss   cls_loss   dfl_loss  Instances       Size
                   all       1999      30534      0.935      0.874       0.94      0.823

      Epoch    GPU_mem   box_loss   cls_loss   dfl_loss  Instances       Size
                   all       1999      30534      0.936      0.877      0.939      0.826

      Epoch    GPU_mem   box_loss   cls_loss   dfl_loss  Instances       Size
                   all       1999      30534      0.928      0.878      0.941      0.823

      Epoch    GPU_mem   box_loss   cls_loss   dfl_loss  Instances       Size
                   all       1999      30534      0.933      0.872       0.94      0.825

      Epoch    GPU_mem   box_loss   cls_loss   dfl_loss  Instances       Size
                   all       1999      30534      0.933      0.881      0.942      0.828

      Epoch    GPU_mem   box_loss   cls_loss   dfl_loss  Instances       Size
                   all       1999      30534      0.929      0.883      0.944      0.829

      Epoch    GPU_mem   box_loss   cls_loss   dfl_loss  Instances       Size
                   all       1999      30534      0.937      0.884      0.945      0.833

      Epoch    GPU_mem   box_loss   cls_loss   dfl_loss  Instances       Size
                   all       1999      30534      0.938      0.883      0.944      0.831

      Epoch    GPU_mem   box_loss   cls_loss   dfl_loss  Instances       Size
                   all       1999      30534      0.941      0.883      0.944      0.834

      Epoch    GPU_mem   box_loss   cls_loss   dfl_loss  Instances       Size
                   all       1999      30534      0.936      0.885      0.947      0.833

      Epoch    GPU_mem   box_loss   cls_loss   dfl_loss  Instances       Size
                   all       1999      30534      0.936      0.885      0.946      0.836

      Epoch    GPU_mem   box_loss   cls_loss   dfl_loss  Instances       Size
                   all       1999      30534      0.937      0.887      0.946      0.835

      Epoch    GPU_mem   box_loss   cls_loss   dfl_loss  Instances       Size
                   all       1999      30534      0.937      0.889      0.947      0.837

      Epoch    GPU_mem   box_loss   cls_loss   dfl_loss  Instances       Size
                   all       1999      30534      0.938      0.888      0.947      0.838

      Epoch    GPU_mem   box_loss   cls_loss   dfl_loss  Instances       Size
                   all       1999      30534       0.94      0.885      0.949      0.839

      Epoch    GPU_mem   box_loss   cls_loss   dfl_loss  Instances       Size
                   all       1999      30534      0.936      0.889      0.948       0.84
Closing dataloader mosaic

      Epoch    GPU_mem   box_loss   cls_loss   dfl_loss  Instances       Size
                   all       1999      30534      0.939      0.888      0.945      0.835

      Epoch    GPU_mem   box_loss   cls_loss   dfl_loss  Instances       Size
                   all       1999      30534       0.94      0.888      0.947      0.839

      Epoch    GPU_mem   box_loss   cls_loss   dfl_loss  Instances       Size
                   all       1999      30534       0.94       0.89      0.948      0.841

      Epoch    GPU_mem   box_loss   cls_loss   dfl_loss  Instances       Size
                   all       1999      30534      0.943      0.889      0.949      0.843

      Epoch    GPU_mem   box_loss   cls_loss   dfl_loss  Instances       Size
                   all       1999      30534      0.942      0.891       0.95      0.844

      Epoch    GPU_mem   box_loss   cls_loss   dfl_loss  Instances       Size
                   all       1999      30534      0.942      0.891       0.95      0.845

      Epoch    GPU_mem   box_loss   cls_loss   dfl_loss  Instances       Size
                   all       1999      30534       0.94      0.894       0.95      0.847

      Epoch    GPU_mem   box_loss   cls_loss   dfl_loss  Instances       Size
                   all       1999      30534       0.94      0.894       0.95      0.846

      Epoch    GPU_mem   box_loss   cls_loss   dfl_loss  Instances       Size
                   all       1999      30534      0.938      0.896       0.95      0.846

      Epoch    GPU_mem   box_loss   cls_loss   dfl_loss  Instances       Size
                   all       1999      30534      0.942      0.895      0.951      0.848

50 epochs completed in 0.781 hours.
Optimizer stripped from runs/exp/run3_rgbd_50/weights/last.pt, 5.4MB
Optimizer stripped from runs/exp/run3_rgbd_50/weights/best.pt, 5.4MB

Validating runs/exp/run3_rgbd_50/weights/best.pt...
WARNING ⚠️ validating an untrained model YAML will result in 0 mAP.
Ultralytics 8.3.27 🚀 Python-3.9.20 torch-2.1.0+cu121 CUDA:6 (NVIDIA L20, 45458MiB)
YOLO11-rgbd summary (fused): 238 layers, 2,582,347 parameters, 0 gradients, 6.3 GFLOPs
                   all       1999      30534      0.942      0.895      0.951      0.849
Speed: 0.1ms preprocess, 0.3ms inference, 0.0ms loss, 0.5ms postprocess per image
Results saved to [1mruns/exp/run3_rgbd_50[0m
💡 Learn more at https://docs.ultralytics.com/modes/train
[34m[1mVS Code:[0m view Ultralytics VS Code Extension ⚡ at https://docs.ultralytics.com/integrations/vscode
